a:\documents\github\opennotegame\debug\vc142.pdb
a:\documents\github\opennotegame\debug\mygame.obj
a:\documents\github\opennotegame\debug\main.obj
a:\documents\github\opennotegame\debug\sprite.obj
a:\documents\github\opennotegame\debug\scene.obj
a:\documents\github\opennotegame\debug\game.obj
a:\documents\github\opennotegame\debug\displayobjectcontainer.obj
a:\documents\github\opennotegame\debug\displayobject.obj
a:\documents\github\opennotegame\debug\animatedsprite.obj
a:\documents\github\opennotegame\debug\affinetransform.obj
a:\documents\github\opennotegame\debug\open note.pdb
a:\documents\github\opennotegame\debug\open note.tlog\cl.command.1.tlog
a:\documents\github\opennotegame\debug\open note.tlog\cl.read.1.tlog
a:\documents\github\opennotegame\debug\open note.tlog\cl.write.1.tlog
a:\documents\github\opennotegame\debug\open note.tlog\link-cvtres.read.1.tlog
a:\documents\github\opennotegame\debug\open note.tlog\link-cvtres.write.1.tlog
a:\documents\github\opennotegame\debug\open note.tlog\link-rc.read.1.tlog
a:\documents\github\opennotegame\debug\open note.tlog\link-rc.write.1.tlog
a:\documents\github\opennotegame\debug\open note.tlog\link.command.1.tlog
a:\documents\github\opennotegame\debug\open note.tlog\link.read.1.tlog
a:\documents\github\opennotegame\debug\open note.tlog\link.write.1.tlog
