  Demo1.cpp
C:\Users\akclu\Documents\GitHub\opennotegame\src\main\MyGame.h(7,10): fatal error C1083: Cannot open include file: 'Game.h': No such file or directory
  Demo2.cpp
C:\Users\akclu\Documents\GitHub\opennotegame\demos\Demo2.cpp(4,10): fatal error C1083: Cannot open include file: 'Sprite.h': No such file or directory
  AffineTransform.cpp
C:\Users\akclu\Documents\GitHub\opennotegame\src\engine\AffineTransform.cpp(50,57): warning C4244: '=': conversion from 'double' to 'int', possible loss of data
C:\Users\akclu\Documents\GitHub\opennotegame\src\engine\AffineTransform.cpp(51,57): warning C4244: '=': conversion from 'double' to 'int', possible loss of data
  AnimatedSprite.cpp
C:\Users\akclu\Documents\GitHub\opennotegame\src\engine\AnimatedSprite.cpp(46,23): warning C4018: '<': signed/unsigned mismatch
  DisplayObject.cpp
  DisplayObjectContainer.cpp
C:\Users\akclu\Documents\GitHub\opennotegame\src\engine\DisplayObjectContainer.cpp(22,23): warning C4018: '<': signed/unsigned mismatch
C:\Users\akclu\Documents\GitHub\opennotegame\src\engine\DisplayObjectContainer.cpp(33,23): warning C4018: '<': signed/unsigned mismatch
C:\Users\akclu\Documents\GitHub\opennotegame\src\engine\DisplayObjectContainer.cpp(42,23): warning C4018: '<': signed/unsigned mismatch
C:\Users\akclu\Documents\GitHub\opennotegame\src\engine\DisplayObjectContainer.cpp(52,15): warning C4018: '<': signed/unsigned mismatch
C:\Users\akclu\Documents\GitHub\opennotegame\src\engine\DisplayObjectContainer.cpp(76,23): warning C4018: '<': signed/unsigned mismatch
C:\Users\akclu\Documents\GitHub\opennotegame\src\engine\DisplayObjectContainer.cpp(87,23): warning C4018: '<': signed/unsigned mismatch
C:\Users\akclu\Documents\GitHub\opennotegame\src\engine\DisplayObjectContainer.cpp(97,23): warning C4018: '<': signed/unsigned mismatch
  Game.cpp
C:\Users\akclu\Documents\GitHub\opennotegame\src\engine\Game.cpp(53,19): warning C4244: 'initializing': conversion from 'double' to 'int', possible loss of data
  Scene.cpp
C:\Users\akclu\Documents\GitHub\opennotegame\src\engine\Scene.cpp(72,65): error C2440: 'initializing': cannot convert from 'DisplayObject *' to 'DisplayObjectContainer *'
C:\Users\akclu\Documents\GitHub\opennotegame\src\engine\Scene.cpp(72,38): message : Cast from base to derived requires dynamic_cast or static_cast
C:\Users\akclu\Documents\GitHub\opennotegame\src\engine\Scene.cpp(77,83): error C2440: 'initializing': cannot convert from 'DisplayObject *' to 'DisplayObjectContainer *'
C:\Users\akclu\Documents\GitHub\opennotegame\src\engine\Scene.cpp(77,38): message : Cast from base to derived requires dynamic_cast or static_cast
C:\Users\akclu\Documents\GitHub\opennotegame\src\engine\Scene.cpp(105,65): error C2440: 'initializing': cannot convert from 'DisplayObject *' to 'DisplayObjectContainer *'
C:\Users\akclu\Documents\GitHub\opennotegame\src\engine\Scene.cpp(105,38): message : Cast from base to derived requires dynamic_cast or static_cast
C:\Users\akclu\Documents\GitHub\opennotegame\src\engine\Scene.cpp(110,67): error C2440: 'initializing': cannot convert from 'DisplayObject *' to 'Sprite *'
C:\Users\akclu\Documents\GitHub\opennotegame\src\engine\Scene.cpp(110,22): message : Cast from base to derived requires dynamic_cast or static_cast
C:\Users\akclu\Documents\GitHub\opennotegame\src\engine\Scene.cpp(138,65): error C2440: 'initializing': cannot convert from 'DisplayObject *' to 'DisplayObjectContainer *'
C:\Users\akclu\Documents\GitHub\opennotegame\src\engine\Scene.cpp(138,38): message : Cast from base to derived requires dynamic_cast or static_cast
C:\Users\akclu\Documents\GitHub\opennotegame\src\engine\Scene.cpp(143,6): error C2065: 'AnimatedSprite': undeclared identifier
C:\Users\akclu\Documents\GitHub\opennotegame\src\engine\Scene.cpp(143,22): error C2065: 'the_obj': undeclared identifier
C:\Users\akclu\Documents\GitHub\opennotegame\src\engine\Scene.cpp(145,6): error C2065: 'the_obj': undeclared identifier
C:\Users\akclu\Documents\GitHub\opennotegame\src\engine\Scene.cpp(146,6): error C2065: 'the_obj': undeclared identifier
C:\Users\akclu\Documents\GitHub\opennotegame\src\engine\Scene.cpp(147,6): error C2065: 'the_obj': undeclared identifier
C:\Users\akclu\Documents\GitHub\opennotegame\src\engine\Scene.cpp(148,6): error C2065: 'the_obj': undeclared identifier
C:\Users\akclu\Documents\GitHub\opennotegame\src\engine\Scene.cpp(149,6): error C2065: 'the_obj': undeclared identifier
C:\Users\akclu\Documents\GitHub\opennotegame\src\engine\Scene.cpp(150,6): error C2065: 'the_obj': undeclared identifier
C:\Users\akclu\Documents\GitHub\opennotegame\src\engine\Scene.cpp(155,22): error C2065: 'the_obj': undeclared identifier
C:\Users\akclu\Documents\GitHub\opennotegame\src\engine\Scene.cpp(159,28): error C2065: 'the_obj': undeclared identifier
C:\Users\akclu\Documents\GitHub\opennotegame\src\engine\Scene.cpp(163,27): error C2065: 'the_obj': undeclared identifier
C:\Users\akclu\Documents\GitHub\opennotegame\src\engine\Scene.cpp(167,28): error C2065: 'the_obj': undeclared identifier
C:\Users\akclu\Documents\GitHub\opennotegame\src\engine\Scene.cpp(171,65): error C2440: 'initializing': cannot convert from 'DisplayObject *' to 'DisplayObjectContainer *'
C:\Users\akclu\Documents\GitHub\opennotegame\src\engine\Scene.cpp(171,38): message : Cast from base to derived requires dynamic_cast or static_cast
C:\Users\akclu\Documents\GitHub\opennotegame\src\engine\Scene.cpp(172,24): error C2065: 'the_obj': undeclared identifier
  Sprite.cpp
  main.cpp
C:\Users\akclu\Documents\GitHub\opennotegame\src\main\MyGame.h(7,10): fatal error C1083: Cannot open include file: 'Game.h': No such file or directory
  MyGame.cpp
C:\Users\akclu\Documents\GitHub\opennotegame\src\main\MyGame.cpp(4,10): fatal error C1083: Cannot open include file: '../src/engine/DisplayObject.h': No such file or directory
  Generating Code...
